# JRE version: OpenJDK Runtime Environment Temurin-17.0.7+7 (17.0.7+7) (build 17.0.7+7)
# Java VM: OpenJDK 64-Bit Server VM Temurin-17.0.7+7 (17.0.7+7, mixed mode, tiered, compressed oops, compressed class ptrs, parallel gc, windows-amd64)
GC Precious Log:
 CPUs: 4 total, 4 available
 Memory: 2806M
 Large Page Support: Disabled
 NUMA Support: Disabled
 Compressed Oops: Enabled (32-bit)
 Alignments: Space 512K, Generation 512K, Heap 2M
 Heap Min Capacity: 100M
 Heap Initial Capacity: 100M
 Heap Max Capacity: 1G
 Pre-touch: Disabled
 Parallel Workers: 4
Heap:
 PSYoungGen      total 23040K, used 19360K [0x00000000eab00000, 0x00000000ec500000, 0x0000000100000000)
  eden space 22016K, 84% used [0x00000000eab00000,0x00000000ebd422b0,0x00000000ec080000)
  from space 1024K, 64% used [0x00000000ec400000,0x00000000ec4a60d8,0x00000000ec500000)
  to   space 1536K, 0% used [0x00000000ec200000,0x00000000ec200000,0x00000000ec380000)
 ParOldGen       total 68608K, used 23514K [0x00000000c0000000, 0x00000000c4300000, 0x00000000eab00000)
  object space 68608K, 34% used [0x00000000c0000000,0x00000000c16f68a8,0x00000000c4300000)
 Metaspace       used 40151K, committed 40832K, reserved 1114112K
  class space    used 4141K, committed 4480K, reserved 1048576K
GC Heap History (20 events):
Event: 9.063 GC heap before
{Heap before GC invocations=7 (full 1):
 PSYoungGen      total 25600K, used 25441K [0x00000000eab00000, 0x00000000ec880000, 0x0000000100000000)
  eden space 25088K, 100% used [0x00000000eab00000,0x00000000ec380000,0x00000000ec380000)
  from space 512K, 69% used [0x00000000ec400000,0x00000000ec458600,0x00000000ec480000)
  to   space 2048K, 0% used [0x00000000ec680000,0x00000000ec680000,0x00000000ec880000)
 ParOldGen       total 68608K, used 6854K [0x00000000c0000000, 0x00000000c4300000, 0x00000000eab00000)
  object space 68608K, 9% used [0x00000000c0000000,0x00000000c06b1a08,0x00000000c4300000)
 Metaspace       used 27559K, committed 28096K, reserved 1114112K
  class space    used 2662K, committed 2880K, reserved 1048576K
}
Event: 9.065 GC heap after
{Heap after GC invocations=7 (full 1):
 PSYoungGen      total 26112K, used 1024K [0x00000000eab00000, 0x00000000ec800000, 0x0000000100000000)
  eden space 24576K, 0% used [0x00000000eab00000,0x00000000eab00000,0x00000000ec300000)
  from space 1536K, 66% used [0x00000000ec680000,0x00000000ec7801e0,0x00000000ec800000)
  to   space 1536K, 0% used [0x00000000ec500000,0x00000000ec500000,0x00000000ec680000)
 ParOldGen       total 68608K, used 6862K [0x00000000c0000000, 0x00000000c4300000, 0x00000000eab00000)
  object space 68608K, 10% used [0x00000000c0000000,0x00000000c06b3a08,0x00000000c4300000)
 Metaspace       used 27559K, committed 28096K, reserved 1114112K
  class space    used 2662K, committed 2880K, reserved 1048576K
}
Event: 10.579 GC heap before
{Heap before GC invocations=8 (full 1):
 PSYoungGen      total 26112K, used 25600K [0x00000000eab00000, 0x00000000ec800000, 0x0000000100000000)
  eden space 24576K, 100% used [0x00000000eab00000,0x00000000ec300000,0x00000000ec300000)
  from space 1536K, 66% used [0x00000000ec680000,0x00000000ec7801e0,0x00000000ec800000)
  to   space 1536K, 0% used [0x00000000ec500000,0x00000000ec500000,0x00000000ec680000)
 ParOldGen       total 68608K, used 6862K [0x00000000c0000000, 0x00000000c4300000, 0x00000000eab00000)
  object space 68608K, 10% used [0x00000000c0000000,0x00000000c06b3a08,0x00000000c4300000)
 Metaspace       used 32047K, committed 32704K, reserved 1114112K
  class space    used 3186K, committed 3456K, reserved 1048576K
}
Event: 10.585 GC heap after
{Heap after GC invocations=8 (full 1):
 PSYoungGen      total 25600K, used 1531K [0x00000000eab00000, 0x00000000ec980000, 0x0000000100000000)
  eden space 24064K, 0% used [0x00000000eab00000,0x00000000eab00000,0x00000000ec280000)
  from space 1536K, 99% used [0x00000000ec500000,0x00000000ec67ec88,0x00000000ec680000)
  to   space 3072K, 0% used [0x00000000ec680000,0x00000000ec680000,0x00000000ec980000)
 ParOldGen       total 68608K, used 8295K [0x00000000c0000000, 0x00000000c4300000, 0x00000000eab00000)
  object space 68608K, 12% used [0x00000000c0000000,0x00000000c0819ee8,0x00000000c4300000)
 Metaspace       used 32047K, committed 32704K, reserved 1114112K
  class space    used 3186K, committed 3456K, reserved 1048576K
}
Event: 11.703 GC heap before
{Heap before GC invocations=9 (full 1):
 PSYoungGen      total 25600K, used 20576K [0x00000000eab00000, 0x00000000ec980000, 0x0000000100000000)
  eden space 24064K, 79% used [0x00000000eab00000,0x00000000ebd99630,0x00000000ec280000)
  from space 1536K, 99% used [0x00000000ec500000,0x00000000ec67ec88,0x00000000ec680000)
  to   space 3072K, 0% used [0x00000000ec680000,0x00000000ec680000,0x00000000ec980000)
 ParOldGen       total 68608K, used 8295K [0x00000000c0000000, 0x00000000c4300000, 0x00000000eab00000)
  object space 68608K, 12% used [0x00000000c0000000,0x00000000c0819ee8,0x00000000c4300000)
 Metaspace       used 35165K, committed 35840K, reserved 1114112K
  class space    used 3571K, committed 3904K, reserved 1048576K
}
Event: 11.707 GC heap after
{Heap after GC invocations=9 (full 1):
 PSYoungGen      total 27136K, used 2971K [0x00000000eab00000, 0x00000000ec980000, 0x0000000100000000)
  eden space 24064K, 0% used [0x00000000eab00000,0x00000000eab00000,0x00000000ec280000)
  from space 3072K, 96% used [0x00000000ec680000,0x00000000ec966f00,0x00000000ec980000)
  to   space 3072K, 0% used [0x00000000ec380000,0x00000000ec380000,0x00000000ec680000)
 ParOldGen       total 68608K, used 8303K [0x00000000c0000000, 0x00000000c4300000, 0x00000000eab00000)
  object space 68608K, 12% used [0x00000000c0000000,0x00000000c081bee8,0x00000000c4300000)
 Metaspace       used 35165K, committed 35840K, reserved 1114112K
  class space    used 3571K, committed 3904K, reserved 1048576K
}
Event: 11.707 GC heap before
{Heap before GC invocations=10 (full 2):
 PSYoungGen      total 27136K, used 2971K [0x00000000eab00000, 0x00000000ec980000, 0x0000000100000000)
  eden space 24064K, 0% used [0x00000000eab00000,0x00000000eab00000,0x00000000ec280000)
  from space 3072K, 96% used [0x00000000ec680000,0x00000000ec966f00,0x00000000ec980000)
  to   space 3072K, 0% used [0x00000000ec380000,0x00000000ec380000,0x00000000ec680000)
 ParOldGen       total 68608K, used 8303K [0x00000000c0000000, 0x00000000c4300000, 0x00000000eab00000)
  object space 68608K, 12% used [0x00000000c0000000,0x00000000c081bee8,0x00000000c4300000)
 Metaspace       used 35165K, committed 35840K, reserved 1114112K
  class space    used 3571K, committed 3904K, reserved 1048576K
}
Event: 11.758 GC heap after
{Heap after GC invocations=10 (full 2):
 PSYoungGen      total 27136K, used 0K [0x00000000eab00000, 0x00000000ec980000, 0x0000000100000000)
  eden space 24064K, 0% used [0x00000000eab00000,0x00000000eab00000,0x00000000ec280000)
  from space 3072K, 0% used [0x00000000ec680000,0x00000000ec680000,0x00000000ec980000)
  to   space 3072K, 0% used [0x00000000ec380000,0x00000000ec380000,0x00000000ec680000)
 ParOldGen       total 68608K, used 10947K [0x00000000c0000000, 0x00000000c4300000, 0x00000000eab00000)
  object space 68608K, 15% used [0x00000000c0000000,0x00000000c0ab0fa8,0x00000000c4300000)
 Metaspace       used 35165K, committed 35840K, reserved 1114112K
  class space    used 3571K, committed 3904K, reserved 1048576K
}
Event: 12.330 GC heap before
{Heap before GC invocations=11 (full 2):
 PSYoungGen      total 27136K, used 24064K [0x00000000eab00000, 0x00000000ec980000, 0x0000000100000000)
  eden space 24064K, 100% used [0x00000000eab00000,0x00000000ec280000,0x00000000ec280000)
  from space 3072K, 0% used [0x00000000ec680000,0x00000000ec680000,0x00000000ec980000)
  to   space 3072K, 0% used [0x00000000ec380000,0x00000000ec380000,0x00000000ec680000)
 ParOldGen       total 68608K, used 10947K [0x00000000c0000000, 0x00000000c4300000, 0x00000000eab00000)
  object space 68608K, 15% used [0x00000000c0000000,0x00000000c0ab0fa8,0x00000000c4300000)
 Metaspace       used 36223K, committed 36864K, reserved 1114112K
  class space    used 3694K, committed 3968K, reserved 1048576K
}
Event: 12.336 GC heap after
{Heap after GC invocations=11 (full 2):
 PSYoungGen      total 26112K, used 2304K [0x00000000eab00000, 0x00000000ec700000, 0x0000000100000000)
  eden space 23552K, 0% used [0x00000000eab00000,0x00000000eab00000,0x00000000ec200000)
  from space 2560K, 90% used [0x00000000ec380000,0x00000000ec5c0020,0x00000000ec600000)
  to   space 1024K, 0% used [0x00000000ec600000,0x00000000ec600000,0x00000000ec700000)
 ParOldGen       total 68608K, used 10955K [0x00000000c0000000, 0x00000000c4300000, 0x00000000eab00000)
  object space 68608K, 15% used [0x00000000c0000000,0x00000000c0ab2fa8,0x00000000c4300000)
 Metaspace       used 36223K, committed 36864K, reserved 1114112K
  class space    used 3694K, committed 3968K, reserved 1048576K
}
Event: 12.621 GC heap before
{Heap before GC invocations=12 (full 2):
 PSYoungGen      total 26112K, used 25856K [0x00000000eab00000, 0x00000000ec700000, 0x0000000100000000)
  eden space 23552K, 100% used [0x00000000eab00000,0x00000000ec200000,0x00000000ec200000)
  from space 2560K, 90% used [0x00000000ec380000,0x00000000ec5c0020,0x00000000ec600000)
  to   space 1024K, 0% used [0x00000000ec600000,0x00000000ec600000,0x00000000ec700000)
 ParOldGen       total 68608K, used 10955K [0x00000000c0000000, 0x00000000c4300000, 0x00000000eab00000)
  object space 68608K, 15% used [0x00000000c0000000,0x00000000c0ab2fa8,0x00000000c4300000)
 Metaspace       used 36294K, committed 36928K, reserved 1114112K
  class space    used 3695K, committed 3968K, reserved 1048576K
}
Event: 12.628 GC heap after
{Heap after GC invocations=12 (full 2):
 PSYoungGen      total 23552K, used 992K [0x00000000eab00000, 0x00000000ecb80000, 0x0000000100000000)
  eden space 22528K, 0% used [0x00000000eab00000,0x00000000eab00000,0x00000000ec100000)
  from space 1024K, 96% used [0x00000000ec600000,0x00000000ec6f8020,0x00000000ec700000)
  to   space 5120K, 0% used [0x00000000ec100000,0x00000000ec100000,0x00000000ec600000)
 ParOldGen       total 68608K, used 14411K [0x00000000c0000000, 0x00000000c4300000, 0x00000000eab00000)
  object space 68608K, 21% used [0x00000000c0000000,0x00000000c0e12fa8,0x00000000c4300000)
 Metaspace       used 36294K, committed 36928K, reserved 1114112K
  class space    used 3695K, committed 3968K, reserved 1048576K
}
Event: 12.801 GC heap before
{Heap before GC invocations=13 (full 2):
 PSYoungGen      total 23552K, used 23520K [0x00000000eab00000, 0x00000000ecb80000, 0x0000000100000000)
  eden space 22528K, 100% used [0x00000000eab00000,0x00000000ec100000,0x00000000ec100000)
  from space 1024K, 96% used [0x00000000ec600000,0x00000000ec6f8020,0x00000000ec700000)
  to   space 5120K, 0% used [0x00000000ec100000,0x00000000ec100000,0x00000000ec600000)
 ParOldGen       total 68608K, used 14411K [0x00000000c0000000, 0x00000000c4300000, 0x00000000eab00000)
  object space 68608K, 21% used [0x00000000c0000000,0x00000000c0e12fa8,0x00000000c4300000)
 Metaspace       used 36360K, committed 37056K, reserved 1114112K
  class space    used 3708K, committed 3968K, reserved 1048576K
}
Event: 12.807 GC heap after
{Heap after GC invocations=13 (full 2):
 PSYoungGen      total 25088K, used 2848K [0x00000000eab00000, 0x00000000ec780000, 0x0000000100000000)
  eden space 22016K, 0% used [0x00000000eab00000,0x00000000eab00000,0x00000000ec080000)
  from space 3072K, 92% used [0x00000000ec100000,0x00000000ec3c8020,0x00000000ec400000)
  to   space 3584K, 0% used [0x00000000ec400000,0x00000000ec400000,0x00000000ec780000)
 ParOldGen       total 68608K, used 15347K [0x00000000c0000000, 0x00000000c4300000, 0x00000000eab00000)
  object space 68608K, 22% used [0x00000000c0000000,0x00000000c0efcfc8,0x00000000c4300000)
 Metaspace       used 36360K, committed 37056K, reserved 1114112K
  class space    used 3708K, committed 3968K, reserved 1048576K
}
Event: 12.947 GC heap before
{Heap before GC invocations=14 (full 2):
 PSYoungGen      total 25088K, used 24864K [0x00000000eab00000, 0x00000000ec780000, 0x0000000100000000)
  eden space 22016K, 100% used [0x00000000eab00000,0x00000000ec080000,0x00000000ec080000)
  from space 3072K, 92% used [0x00000000ec100000,0x00000000ec3c8020,0x00000000ec400000)
  to   space 3584K, 0% used [0x00000000ec400000,0x00000000ec400000,0x00000000ec780000)
 ParOldGen       total 68608K, used 15347K [0x00000000c0000000, 0x00000000c4300000, 0x00000000eab00000)
  object space 68608K, 22% used [0x00000000c0000000,0x00000000c0efcfc8,0x00000000c4300000)
 Metaspace       used 36364K, committed 37056K, reserved 1114112K
  class space    used 3708K, committed 3968K, reserved 1048576K
}
Event: 12.955 GC heap after
{Heap after GC invocations=14 (full 2):
 PSYoungGen      total 25088K, used 2656K [0x00000000eab00000, 0x00000000ec700000, 0x0000000100000000)
  eden space 22016K, 0% used [0x00000000eab00000,0x00000000eab00000,0x00000000ec080000)
  from space 3072K, 86% used [0x00000000ec400000,0x00000000ec698010,0x00000000ec700000)
  to   space 3072K, 0% used [0x00000000ec100000,0x00000000ec100000,0x00000000ec400000)
 ParOldGen       total 68608K, used 18028K [0x00000000c0000000, 0x00000000c4300000, 0x00000000eab00000)
  object space 68608K, 26% used [0x00000000c0000000,0x00000000c119b018,0x00000000c4300000)
 Metaspace       used 36364K, committed 37056K, reserved 1114112K
  class space    used 3708K, committed 3968K, reserved 1048576K
}
Event: 13.121 GC heap before
{Heap before GC invocations=15 (full 2):
 PSYoungGen      total 25088K, used 24672K [0x00000000eab00000, 0x00000000ec700000, 0x0000000100000000)
  eden space 22016K, 100% used [0x00000000eab00000,0x00000000ec080000,0x00000000ec080000)
  from space 3072K, 86% used [0x00000000ec400000,0x00000000ec698010,0x00000000ec700000)
  to   space 3072K, 0% used [0x00000000ec100000,0x00000000ec100000,0x00000000ec400000)
 ParOldGen       total 68608K, used 18028K [0x00000000c0000000, 0x00000000c4300000, 0x00000000eab00000)
  object space 68608K, 26% used [0x00000000c0000000,0x00000000c119b018,0x00000000c4300000)
 Metaspace       used 36427K, committed 37056K, reserved 1114112K
  class space    used 3712K, committed 3968K, reserved 1048576K
}
Event: 13.130 GC heap after
{Heap after GC invocations=15 (full 2):
 PSYoungGen      total 25088K, used 2912K [0x00000000eab00000, 0x00000000ec680000, 0x0000000100000000)
  eden space 22016K, 0% used [0x00000000eab00000,0x00000000eab00000,0x00000000ec080000)
  from space 3072K, 94% used [0x00000000ec100000,0x00000000ec3d8000,0x00000000ec400000)
  to   space 2560K, 0% used [0x00000000ec400000,0x00000000ec400000,0x00000000ec680000)
 ParOldGen       total 68608K, used 20636K [0x00000000c0000000, 0x00000000c4300000, 0x00000000eab00000)
  object space 68608K, 30% used [0x00000000c0000000,0x00000000c1427028,0x00000000c4300000)
 Metaspace       used 36427K, committed 37056K, reserved 1114112K
  class space    used 3712K, committed 3968K, reserved 1048576K
}
Event: 18.444 GC heap before
{Heap before GC invocations=16 (full 2):
 PSYoungGen      total 25088K, used 24928K [0x00000000eab00000, 0x00000000ec680000, 0x0000000100000000)
  eden space 22016K, 100% used [0x00000000eab00000,0x00000000ec080000,0x00000000ec080000)
  from space 3072K, 94% used [0x00000000ec100000,0x00000000ec3d8000,0x00000000ec400000)
  to   space 2560K, 0% used [0x00000000ec400000,0x00000000ec400000,0x00000000ec680000)
 ParOldGen       total 68608K, used 20636K [0x00000000c0000000, 0x00000000c4300000, 0x00000000eab00000)
  object space 68608K, 30% used [0x00000000c0000000,0x00000000c1427028,0x00000000c4300000)
 Metaspace       used 38926K, committed 39680K, reserved 1114112K
  class space    used 4023K, committed 4416K, reserved 1048576K
}
Event: 18.455 GC heap after
{Heap after GC invocations=16 (full 2):
 PSYoungGen      total 23040K, used 664K [0x00000000eab00000, 0x00000000ec500000, 0x0000000100000000)
  eden space 22016K, 0% used [0x00000000eab00000,0x00000000eab00000,0x00000000ec080000)
  from space 1024K, 64% used [0x00000000ec400000,0x00000000ec4a60d8,0x00000000ec500000)
  to   space 1536K, 0% used [0x00000000ec200000,0x00000000ec200000,0x00000000ec380000)
 ParOldGen       total 68608K, used 23514K [0x00000000c0000000, 0x00000000c4300000, 0x00000000eab00000)
  object space 68608K, 34% used [0x00000000c0000000,0x00000000c16f68a8,0x00000000c4300000)
 Metaspace       used 38926K, committed 39680K, reserved 1114112K
  class space    used 4023K, committed 4416K, reserved 1048576K
}

